<?xml version="1.0" encoding="UTF-8"?>
<!-- Generated by org.testng.reporters.JUnitReportReporter -->
<testsuite skipped="0" hostname="DESKTOP-5R09CG4" name="com.bitm.selenium4thbatch.Test.LoginTest" tests="2" failures="0" timestamp="18 Aug 2017 10:09:58 GMT" time="12.763" errors="0">
  <testcase name="checkHomePageTitle" time="7.179" classname="com.bitm.selenium4thbatch.Test.LoginTest"/>
  <testcase name="loginTest" time="5.584" classname="com.bitm.selenium4thbatch.Test.LoginTest"/>
</testsuite> <!-- com.bitm.selenium4thbatch.Test.LoginTest -->
